Begin log file
--------------------------------------------------------------------------------

Exception type: AI behavioural flaw

Function: playervcom(sf::RenderWindow & window)
Exception thrown on purpose?: Yes

ballposition.x: 800
ballposition.y: 462
leftpaddleposition.x: 5
leftpaddleposition.y: 190
rightpaddleposition.x: 795
rightpaddleposition.y: 505
cpuballcontact: 0 - 40 = -40
IscpuballcontactRand: false
slope.x: 5
slope.y: 4
clock.getElapsedTime().asMilliseconds() = 3191
------------------------------------------------------------------------------
End log file

Please do not modify the contents of this file. Its information can be useful for diagnosing errors, 
and should be sent to me (the creator of the game).
