Begin log file
--------------------------------------------------------------------------------

Exception type: Error ball loop

Function: playervcom(sf::RenderWindow & window)
Exception thrown on purpose?: Yes

ballposition.x: 790
ballposition.y: 595
leftpaddleposition.x: 5
leftpaddleposition.y: 360
rightpaddleposition.x: 795
rightpaddleposition.y: 555
cpuballcontact: 0 - 40 = -40
IscpuballcontactRand: false
slope.x: -5
slope.y: 7
clock.getElapsedTime().asMilliseconds() = 6
------------------------------------------------------------------------------
End log file

Please do not modify the contents of this file. Its information can be useful for diagnosing errors, 
and should be sent to me (the creator of the game).
