Begin log file
--------------------------------------------------------------------------------

Exception type: AI behavioural flaw

Function: playervcom(sf::RenderWindow & window)
Exception thrown on purpose?: Yes

ballposition.x: 800
ballposition.y: 332
leftpaddleposition.x: 5
leftpaddleposition.y: 320
rightpaddleposition.x: 795
rightpaddleposition.y: 375
cpuballcontact: 1 - 40 = -39
IscpuballcontactRand: false
slope.x: 5
slope.y: 4
clock.getElapsedTime().asMilliseconds() = 3183
------------------------------------------------------------------------------
End log file

Please do not modify the contents of this file. Its information can be useful for diagnosing errors, 
and should be sent to me (the creator of the game).
